\BOOKMARK [1][-]{section.1}{\376\377\000S\000c\000o\000p\000e\000\040\000a\000n\000d\000\040\000S\000t\000a\000t\000u\000s}{}% 1
\BOOKMARK [1][-]{section.2}{\376\377\000P\000r\000o\000b\000l\000e\000m\000\040\000S\000t\000a\000t\000e\000m\000e\000n\000t}{}% 2
\BOOKMARK [1][-]{section.3}{\376\377\000T\000h\000o\000u\000g\000h\000t\000\040\000E\000x\000p\000e\000r\000i\000m\000e\000n\000t\000:\000\040\000T\000h\000e\000\040\000P\000o\000r\000t\000\040\000o\000f\000\040\000P\000u\000b\000l\000i\000c\000\040\000M\000a\000n\000i\000f\000e\000s\000t\000s\000\040\000a\000n\000d\000\040\000R\000e\000l\000e\000a\000s\000e\000\040\000S\000e\000a\000l\000s}{}% 3
\BOOKMARK [1][-]{section.4}{\376\377\000P\000r\000o\000t\000o\000c\000o\000l\000\040\000F\000a\000m\000i\000l\000y\000\040\000O\000v\000e\000r\000v\000i\000e\000w}{}% 4
\BOOKMARK [1][-]{section.5}{\376\377\000S\000y\000s\000t\000e\000m\000\040\000M\000o\000d\000e\000l\000\040\000a\000n\000d\000\040\000N\000o\000t\000a\000t\000i\000o\000n}{}% 5
\BOOKMARK [2][-]{subsection.5.1}{\376\377\000A\000c\000t\000o\000r\000s}{section.5}% 6
\BOOKMARK [2][-]{subsection.5.2}{\376\377\000B\000u\000l\000l\000e\000t\000i\000n\000-\000b\000o\000a\000r\000d\000\040\000t\000i\000m\000e\000\040\000a\000n\000d\000\040\000s\000l\000o\000t\000\040\000m\000o\000d\000e\000l}{section.5}% 7
\BOOKMARK [2][-]{subsection.5.3}{\376\377\000C\000o\000r\000e\000\040\000a\000s\000s\000u\000m\000p\000t\000i\000o\000n\000s}{section.5}% 8
\BOOKMARK [2][-]{subsection.5.4}{\376\377\000E\000v\000i\000d\000e\000n\000c\000e\000\040\000o\000b\000j\000e\000c\000t\000s}{section.5}% 9
\BOOKMARK [2][-]{subsection.5.5}{\376\377\000A\000c\000c\000o\000u\000n\000t\000a\000b\000l\000e\000\040\000p\000u\000b\000l\000i\000c\000a\000t\000i\000o\000n\000\040\000r\000u\000l\000e\000s}{section.5}% 10
\BOOKMARK [1][-]{section.6}{\376\377\000P\000u\000b\000l\000i\000c\000\040\000S\000t\000a\000t\000e\000\040\000C\000o\000n\000t\000i\000n\000u\000i\000t\000y\000\040\000w\000i\000t\000h\000\040\000E\000x\000t\000r\000a\000c\000t\000a\000b\000l\000e\000\040\000O\000b\000s\000t\000r\000u\000c\000t\000i\000o\000n\000s}{}% 11
\BOOKMARK [2][-]{subsection.6.1}{\376\377\000B\000o\000u\000n\000d\000a\000r\000y\000-\000c\000o\000n\000d\000i\000t\000i\000o\000n\000e\000d\000\040\000e\000x\000e\000c\000u\000t\000i\000o\000n\000\040\000l\000a\000n\000g\000u\000a\000g\000e}{section.6}% 12
\BOOKMARK [2][-]{subsection.6.2}{\376\377\000O\000b\000s\000t\000r\000u\000c\000t\000i\000o\000n\000\040\000e\000x\000t\000r\000a\000c\000t\000a\000b\000i\000l\000i\000t\000y}{section.6}% 13
\BOOKMARK [2][-]{subsection.6.3}{\376\377\000U\000n\000i\000q\000u\000e\000\040\000c\000o\000l\000l\000a\000p\000s\000e\000\040\000o\000b\000j\000e\000c\000t}{section.6}% 14
\BOOKMARK [2][-]{subsection.6.4}{\376\377\000L\000e\000m\000m\000a\000\040\000p\000r\000o\000g\000r\000a\000m}{section.6}% 15
\BOOKMARK [1][-]{section.7}{\376\377\000T\000h\000e\000\040\000A\000F\000T\000\040\000D\000e\000t\000e\000r\000m\000i\000n\000i\000s\000t\000i\000c\000\040\000B\000a\000s\000e\000\040\000E\000n\000g\000i\000n\000e}{}% 16
\BOOKMARK [2][-]{subsection.7.1}{\376\377\000D\000e\000t\000e\000r\000m\000i\000n\000i\000s\000t\000i\000c\000\040\000l\000e\000a\000d\000e\000r\000s\000h\000i\000p\000\040\000a\000n\000d\000\040\000v\000i\000e\000w\000\040\000p\000r\000o\000g\000r\000e\000s\000s\000i\000o\000n}{section.7}% 17
\BOOKMARK [2][-]{subsection.7.2}{\376\377\000V\000a\000l\000i\000d\000a\000t\000o\000r\000\040\000q\000u\000o\000r\000u\000m\000\040\000c\000e\000r\000t\000i\000f\000i\000c\000a\000t\000e\000s}{section.7}% 18
\BOOKMARK [2][-]{subsection.7.3}{\376\377\000L\000o\000c\000k\000i\000n\000g\000,\000\040\0002\000-\000c\000h\000a\000i\000n\000\040\000c\000o\000m\000m\000i\000t\000,\000\040\000a\000n\000d\000\040\000d\000i\000v\000e\000r\000g\000e\000n\000c\000e\000\040\000g\000u\000a\000r\000d}{section.7}% 19
\BOOKMARK [1][-]{section.8}{\376\377\000G\000u\000a\000r\000d\000i\000a\000n\000M\000a\000j\000o\000r\000i\000t\000y\000:\000\040\000P\000r\000o\000d\000u\000c\000t\000i\000o\000n\000\040\000B\000a\000s\000e\000\040\000F\000i\000n\000a\000l\000i\000t\000y}{}% 20
\BOOKMARK [2][-]{subsection.8.1}{\376\377\000G\000u\000a\000r\000d\000i\000a\000n\000\040\000c\000e\000r\000t\000i\000f\000i\000c\000a\000t\000e\000\040\000o\000b\000j\000e\000c\000t}{section.8}% 21
\BOOKMARK [2][-]{subsection.8.2}{\376\377\000V\000e\000r\000i\000f\000i\000c\000a\000t\000i\000o\000n\000\040\000r\000u\000l\000e}{section.8}% 22
\BOOKMARK [2][-]{subsection.8.3}{\376\377\000C\000o\000m\000m\000i\000t\000t\000e\000e\000\040\000t\000h\000r\000e\000s\000h\000o\000l\000d\000\040\000m\000o\000d\000e\000l}{section.8}% 23
\BOOKMARK [2][-]{subsection.8.4}{\376\377\000S\000a\000f\000e\000t\000y\000\040\000s\000t\000a\000t\000e\000m\000e\000n\000t}{section.8}% 24
\BOOKMARK [2][-]{subsection.8.5}{\376\377\000L\000i\000v\000e\000n\000e\000s\000s\000\040\000m\000o\000d\000e\000l}{section.8}% 25
\BOOKMARK [1][-]{section.9}{\376\377\000C\000a\000n\000o\000n\000i\000c\000a\000l\000\040\000O\000r\000d\000e\000r\000i\000n\000g}{}% 26
\BOOKMARK [2][-]{subsection.9.1}{\376\377\000O\000b\000j\000e\000c\000t\000i\000v\000e}{section.9}% 27
\BOOKMARK [2][-]{subsection.9.2}{\376\377\000C\000a\000n\000o\000n\000i\000c\000a\000l\000\040\000o\000b\000j\000e\000c\000t\000s}{section.9}% 28
\BOOKMARK [2][-]{subsection.9.3}{\376\377\000B\000u\000l\000l\000e\000t\000i\000n\000,\000\040\000c\000u\000t\000o\000f\000f\000,\000\040\000a\000n\000d\000\040\000a\000d\000m\000i\000s\000s\000i\000b\000i\000l\000i\000t\000y\000\040\000a\000s\000s\000u\000m\000p\000t\000i\000o\000n\000s}{section.9}% 29
\BOOKMARK [2][-]{subsection.9.4}{\376\377\000C\000u\000r\000r\000e\000n\000t\000\040\000r\000u\000n\000t\000i\000m\000e\000\040\000i\000n\000s\000t\000a\000n\000t\000i\000a\000t\000i\000o\000n}{section.9}% 30
\BOOKMARK [2][-]{subsection.9.5}{\376\377\000A\000c\000c\000e\000p\000t\000a\000n\000c\000e\000\040\000r\000u\000l\000e}{section.9}% 31
\BOOKMARK [2][-]{subsection.9.6}{\376\377\000O\000m\000i\000s\000s\000i\000o\000n\000\040\000d\000o\000m\000i\000n\000a\000n\000c\000e}{section.9}% 32
\BOOKMARK [2][-]{subsection.9.7}{\376\377\000U\000n\000i\000q\000u\000e\000n\000e\000s\000s\000,\000\040\000p\000u\000b\000l\000i\000c\000a\000t\000i\000o\000n\000\040\000f\000r\000o\000n\000t\000i\000e\000r\000s\000,\000\040\000a\000n\000d\000\040\000r\000e\000c\000o\000v\000e\000r\000a\000b\000i\000l\000i\000t\000y}{section.9}% 33
\BOOKMARK [2][-]{subsection.9.8}{\376\377\0009\0009\000\045\000\040\000e\000q\000u\000a\000l\000-\000a\000u\000t\000h\000o\000r\000i\000t\000y\000\040\000o\000r\000d\000e\000r\000i\000n\000g\000\040\000c\000o\000n\000s\000e\000n\000s\000u\000s}{section.9}% 34
\BOOKMARK [1][-]{section.10}{\376\377\000A\000s\000y\000m\000p\000t\000o\000t\000e\000:\000\040\000S\000e\000a\000l\000e\000d\000\040\000F\000i\000n\000a\000l\000i\000t\000y\000\040\000a\000n\000d\000\040\000I\000r\000r\000e\000v\000e\000r\000s\000i\000b\000l\000e\000\040\000E\000f\000f\000e\000c\000t\000s}{}% 35
\BOOKMARK [2][-]{subsection.10.1}{\376\377\000F\000i\000n\000a\000l\000i\000t\000y\000\040\000t\000i\000e\000r\000s\000\040\000a\000n\000d\000\040\000c\000o\000l\000l\000a\000p\000s\000e\000\040\000s\000t\000a\000t\000e\000s}{section.10}% 36
\BOOKMARK [2][-]{subsection.10.2}{\376\377\000S\000e\000a\000l\000e\000d\000F\000i\000n\000a\000l\000i\000t\000y\000P\000r\000o\000o\000f}{section.10}% 37
\BOOKMARK [2][-]{subsection.10.3}{\376\377\000W\000i\000t\000n\000e\000s\000s\000-\000b\000a\000c\000k\000e\000d\000\040\000s\000e\000a\000l\000i\000n\000g}{section.10}% 38
\BOOKMARK [2][-]{subsection.10.4}{\376\377\000E\000q\000u\000a\000l\000-\000a\000u\000t\000h\000o\000r\000i\000t\000y\000\040\000o\000b\000s\000e\000r\000v\000e\000r\000\040\000s\000e\000a\000l\000i\000n\000g}{section.10}% 39
\BOOKMARK [2][-]{subsection.10.5}{\376\377\000D\000i\000v\000e\000r\000g\000e\000n\000c\000e\000\040\000s\000i\000g\000n\000a\000l\000s\000\040\000a\000n\000d\000\040\000e\000s\000c\000a\000l\000a\000t\000i\000o\000n}{section.10}% 40
\BOOKMARK [2][-]{subsection.10.6}{\376\377\000S\000e\000a\000l\000e\000d\000\040\000e\000f\000f\000e\000c\000t\000s\000\040\000a\000n\000d\000\040\000r\000e\000p\000l\000a\000y\000-\000s\000a\000f\000e\000\040\000r\000e\000l\000e\000a\000s\000e}{section.10}% 41
\BOOKMARK [2][-]{subsection.10.7}{\376\377\000D\000e\000t\000e\000r\000m\000i\000n\000i\000s\000t\000i\000c\000\040\000o\000b\000s\000e\000r\000v\000e\000r\000\040\000t\000h\000e\000o\000r\000e\000m}{section.10}% 42
\BOOKMARK [2][-]{subsection.10.8}{\376\377\000L\000e\000g\000a\000c\000y\000\040\000s\000a\000m\000p\000l\000e\000d\000\040\000c\000o\000m\000p\000a\000r\000i\000s\000o\000n}{section.10}% 43
\BOOKMARK [1][-]{section.11}{\376\377\000N\000e\000s\000t\000e\000d\000G\000u\000a\000r\000d\000i\000a\000n\000:\000\040\000W\000i\000t\000n\000e\000s\000s\000-\000A\000u\000g\000m\000e\000n\000t\000e\000d\000\040\000R\000e\000s\000e\000a\000r\000c\000h\000\040\000M\000o\000d\000e}{}% 44
\BOOKMARK [1][-]{section.12}{\376\377\000S\000e\000c\000u\000r\000i\000t\000y\000\040\000a\000n\000d\000\040\000A\000s\000s\000u\000m\000p\000t\000i\000o\000n\000\040\000S\000u\000r\000f\000a\000c\000e}{}% 45
\BOOKMARK [1][-]{section.13}{\376\377\000F\000o\000r\000m\000a\000l\000\040\000R\000e\000s\000u\000l\000t\000s}{}% 46
\BOOKMARK [2][-]{subsection.13.1}{\376\377\000C\000o\000m\000p\000l\000e\000t\000e\000\040\000o\000m\000i\000s\000s\000i\000o\000n\000-\000d\000o\000m\000i\000n\000a\000n\000c\000e\000\040\000w\000i\000t\000n\000e\000s\000s\000\040\000a\000r\000t\000i\000f\000a\000c\000t}{section.13}% 47
\BOOKMARK [1][-]{section.14}{\376\377\000I\000m\000p\000l\000e\000m\000e\000n\000t\000a\000t\000i\000o\000n\000\040\000C\000o\000r\000r\000e\000s\000p\000o\000n\000d\000e\000n\000c\000e}{}% 48
\BOOKMARK [2][-]{subsection.14.1}{\376\377\000C\000o\000r\000e\000\040\000o\000r\000d\000e\000r\000i\000n\000g\000\040\000s\000y\000m\000b\000o\000l\000s}{section.14}% 49
\BOOKMARK [2][-]{subsection.14.2}{\376\377\000G\000u\000a\000r\000d\000i\000a\000n\000\040\000a\000n\000d\000\040\000s\000e\000a\000l\000i\000n\000g\000\040\000s\000y\000m\000b\000o\000l\000s}{section.14}% 50
\BOOKMARK [2][-]{subsection.14.3}{\376\377\000V\000e\000r\000i\000f\000i\000e\000r\000,\000\040\000o\000r\000c\000h\000e\000s\000t\000r\000a\000t\000i\000o\000n\000,\000\040\000a\000n\000d\000\040\000p\000e\000r\000s\000i\000s\000t\000e\000n\000c\000e\000\040\000s\000y\000m\000b\000o\000l\000s}{section.14}% 51
\BOOKMARK [1][-]{section.15}{\376\377\000B\000e\000n\000c\000h\000m\000a\000r\000k\000\040\000C\000o\000n\000t\000e\000x\000t}{}% 52
\BOOKMARK [2][-]{subsection.15.1}{\376\377\000P\000a\000p\000e\000r\000-\000r\000e\000p\000o\000r\000t\000e\000d\000\040\000b\000a\000s\000e\000l\000i\000n\000e\000s}{section.15}% 53
\BOOKMARK [2][-]{subsection.15.2}{\376\377\000N\000a\000t\000i\000v\000e\000\040\000r\000e\000p\000o\000s\000i\000t\000o\000r\000y\000\040\000m\000e\000a\000s\000u\000r\000e\000m\000e\000n\000t\000s}{section.15}% 54
\BOOKMARK [1][-]{section.16}{\376\377\000R\000e\000l\000a\000t\000e\000d\000\040\000W\000o\000r\000k}{}% 55
\BOOKMARK [1][-]{section.17}{\376\377\000C\000l\000a\000i\000m\000s\000\040\000a\000n\000d\000\040\000N\000o\000n\000-\000C\000l\000a\000i\000m\000s}{}% 56
\BOOKMARK [2][-]{subsection.17.1}{\376\377\000C\000l\000a\000i\000m\000s}{section.17}% 57
\BOOKMARK [2][-]{subsection.17.2}{\376\377\000N\000o\000n\000-\000c\000l\000a\000i\000m\000s}{section.17}% 58
\BOOKMARK [2][-]{subsection.17.3}{\376\377\000P\000u\000b\000l\000i\000c\000-\000s\000t\000a\000t\000e\000-\000c\000o\000n\000t\000i\000n\000u\000i\000t\000y\000\040\000t\000h\000e\000o\000r\000e\000m}{section.17}% 59
\BOOKMARK [1][-]{appendix.A}{\376\377\000E\000m\000b\000e\000d\000d\000e\000d\000\040\000F\000o\000r\000m\000a\000l\000\040\000A\000r\000t\000i\000f\000a\000c\000t\000s}{}% 60
