[Autopilot] Block #486 committed (Tx: 0)
[Autopilot] Block #487 committed (Tx: 0)
[Autopilot] Block #488 committed (Tx: 0)
[Autopilot] Block #489 committed (Tx: 0)
[Autopilot] Block #490 committed (Tx: 0)
[Autopilot] Block #491 committed (Tx: 0)
[Autopilot] Block #492 committed (Tx: 0)
[Autopilot] Block #493 committed (Tx: 0)
[Autopilot] Block #494 committed (Tx: 0)
[Autopilot] Block #495 committed (Tx: 0)
[Autopilot] Block #496 committed (Tx: 0)
[Autopilot] Block #497 committed (Tx: 0)
[Autopilot] Block #498 committed (Tx: 0)
[Autopilot] Block #499 committed (Tx: 0)
[Autopilot] Block #500 committed (Tx: 0)
[Autopilot] Block #501 committed (Tx: 0)
[Autopilot] Block #502 committed (Tx: 0)
[Autopilot] Block #503 committed (Tx: 0)
[Autopilot] Block #504 committed (Tx: 0)
[Autopilot] Block #505 committed (Tx: 0)
[Autopilot] Block #506 committed (Tx: 0)
[Autopilot] Block #507 committed (Tx: 0)
[Autopilot] Block #508 committed (Tx: 0)
[Autopilot] Block #509 committed (Tx: 0)
[Autopilot] Block #510 committed (Tx: 0)
[Autopilot] Block #511 committed (Tx: 0)
[Autopilot] Block #512 committed (Tx: 0)
[Autopilot] Block #513 committed (Tx: 0)
[Autopilot] Block #514 committed (Tx: 0)
[Autopilot] Block #515 committed (Tx: 0)
[Autopilot] Block #516 committed (Tx: 0)
[Autopilot] Block #517 committed (Tx: 0)
[Autopilot] Block #518 committed (Tx: 0)
[Autopilot] Block #519 committed (Tx: 0)
[Autopilot] Block #520 committed (Tx: 0)
[Autopilot] Block #521 committed (Tx: 0)
[Autopilot] Block #522 committed (Tx: 0)
[Autopilot] Block #523 committed (Tx: 0)
[Autopilot] Block #524 committed (Tx: 0)
[Autopilot] Block #525 committed (Tx: 0)
[Autopilot] Block #526 committed (Tx: 0)
[Autopilot] Block #527 committed (Tx: 0)
[Autopilot] Block #528 committed (Tx: 0)
[Autopilot] Block #529 committed (Tx: 0)
[Autopilot] Block #530 committed (Tx: 0)
[Autopilot] Block #531 committed (Tx: 0)
[Autopilot] Block #532 committed (Tx: 0)
[Autopilot] Block #533 committed (Tx: 0)
[Autopilot] Block #534 committed (Tx: 0)
[Autopilot] Block #535 committed (Tx: 0)
[Autopilot] Block #536 committed (Tx: 0)
[Autopilot] Block #537 committed (Tx: 0)
[Autopilot] Block #538 committed (Tx: 0)
[Autopilot] Block #539 committed (Tx: 0)
[Autopilot] Block #540 committed (Tx: 0)
[Autopilot] Block #541 committed (Tx: 0)
[Autopilot] Block #542 committed (Tx: 0)
[Autopilot] Block #543 committed (Tx: 0)
[Autopilot] Block #544 committed (Tx: 0)
[Autopilot] Block #545 committed (Tx: 0)
[Autopilot] Block #546 committed (Tx: 0)
[Autopilot] Block #547 committed (Tx: 0)
[Autopilot] Block #548 committed (Tx: 0)
[Autopilot] Block #549 committed (Tx: 0)
[Autopilot] Block #550 committed (Tx: 0)
[Autopilot] Block #551 committed (Tx: 0)
[Autopilot] Block #552 committed (Tx: 0)
[Autopilot] Block #553 committed (Tx: 0)
[Autopilot] Block #554 committed (Tx: 0)
[Autopilot] Block #555 committed (Tx: 0)
[Autopilot] Block #556 committed (Tx: 0)
[Autopilot] Block #557 committed (Tx: 0)
[Autopilot] Block #558 committed (Tx: 0)
[Autopilot] Block #559 committed (Tx: 0)
[Autopilot] Block #560 committed (Tx: 0)
[Autopilot] Block #561 committed (Tx: 0)
[Autopilot] Block #562 committed (Tx: 0)
[Autopilot] Block #563 committed (Tx: 0)
[Autopilot] Block #564 committed (Tx: 0)
[Autopilot] Block #565 committed (Tx: 0)
[Autopilot] Block #566 committed (Tx: 0)
[Autopilot] Block #567 committed (Tx: 0)
[Autopilot] Block #568 committed (Tx: 0)
[Autopilot] Block #569 committed (Tx: 0)
[Autopilot] Block #570 committed (Tx: 0)
[Autopilot] Block #571 committed (Tx: 0)
[Autopilot] Block #572 committed (Tx: 0)
[Autopilot] Block #573 committed (Tx: 0)
[Autopilot] Block #574 committed (Tx: 0)
[Autopilot] Block #575 committed (Tx: 0)
[Autopilot] Block #576 committed (Tx: 0)
[Autopilot] Block #577 committed (Tx: 0)
[Autopilot] Block #578 committed (Tx: 0)
[Autopilot] Block #579 committed (Tx: 0)
[Autopilot] Block #580 committed (Tx: 0)
[Autopilot] Block #581 committed (Tx: 0)
[Autopilot] Block #582 committed (Tx: 0)
[Autopilot] Block #583 committed (Tx: 0)
[Autopilot] Block #584 committed (Tx: 0)
[Autopilot] Block #585 committed (Tx: 0)
[Autopilot] Block #586 committed (Tx: 0)
[Autopilot] Block #587 committed (Tx: 0)
[Autopilot] Block #588 committed (Tx: 0)
[Autopilot] Block #589 committed (Tx: 0)
[Autopilot] Block #590 committed (Tx: 0)
[Autopilot] Block #591 committed (Tx: 0)
[Autopilot] Block #592 committed (Tx: 0)
[Autopilot] Block #593 committed (Tx: 0)
[Autopilot] Block #594 committed (Tx: 0)
[Autopilot] Block #595 committed (Tx: 0)
[Autopilot] Block #596 committed (Tx: 0)
[Autopilot] Block #597 committed (Tx: 0)
[Autopilot] Block #598 committed (Tx: 0)
[Autopilot] Block #599 committed (Tx: 0)
[Autopilot] Block #600 committed (Tx: 0)
[Autopilot] Block #601 committed (Tx: 0)
[Autopilot] Block #602 committed (Tx: 0)
[Autopilot] Block #603 committed (Tx: 0)
[Autopilot] Block #604 committed (Tx: 0)
[Autopilot] Block #605 committed (Tx: 0)
[Autopilot] Block #606 committed (Tx: 0)
[Autopilot] Block #607 committed (Tx: 0)
[Autopilot] Block #608 committed (Tx: 0)
[Autopilot] Block #609 committed (Tx: 0)
[Autopilot] Block #610 committed (Tx: 0)
[Autopilot] Block #611 committed (Tx: 0)
[Autopilot] Block #612 committed (Tx: 0)
[Autopilot] Block #613 committed (Tx: 0)
[Autopilot] Block #614 committed (Tx: 0)
[Autopilot] Block #615 committed (Tx: 0)
[Autopilot] Block #616 committed (Tx: 0)
[Autopilot] Block #617 committed (Tx: 0)
[Autopilot] Block #618 committed (Tx: 0)
[Autopilot] Block #619 committed (Tx: 0)
[Autopilot] Block #620 committed (Tx: 0)
[Autopilot] Block #621 committed (Tx: 0)
[Autopilot] Block #622 committed (Tx: 0)
[Autopilot] Block #623 committed (Tx: 0)
[Autopilot] Block #624 committed (Tx: 0)
[Autopilot] Block #625 committed (Tx: 0)
[Autopilot] Block #626 committed (Tx: 0)
[Autopilot] Block #627 committed (Tx: 0)
[Autopilot] Block #628 committed (Tx: 0)
[Autopilot] Block #629 committed (Tx: 0)
[Autopilot] Block #630 committed (Tx: 0)
[Autopilot] Block #631 committed (Tx: 0)
[Autopilot] Block #632 committed (Tx: 0)
[Autopilot] Block #633 committed (Tx: 0)
[Autopilot] Block #634 committed (Tx: 0)
[Autopilot] Block #635 committed (Tx: 0)
[Autopilot] Block #636 committed (Tx: 0)
[Autopilot] Block #637 committed (Tx: 0)
[Autopilot] Block #638 committed (Tx: 0)
[Autopilot] Block #639 committed (Tx: 0)
[Autopilot] Block #640 committed (Tx: 0)
[Autopilot] Block #641 committed (Tx: 0)
[Autopilot] Block #642 committed (Tx: 0)
[Autopilot] Block #643 committed (Tx: 0)
[Autopilot] Block #644 committed (Tx: 0)
[Autopilot] Block #645 committed (Tx: 0)
[Autopilot] Block #646 committed (Tx: 0)
[Autopilot] Block #647 committed (Tx: 0)
[Autopilot] Block #648 committed (Tx: 0)
[Autopilot] Block #649 committed (Tx: 0)
[Autopilot] Block #650 committed (Tx: 0)
[Autopilot] Block #651 committed (Tx: 0)
[Autopilot] Block #652 committed (Tx: 0)
[Autopilot] Block #653 committed (Tx: 0)
[Autopilot] Block #654 committed (Tx: 0)
[Autopilot] Block #655 committed (Tx: 0)
[Autopilot] Block #656 committed (Tx: 0)
[Autopilot] Block #657 committed (Tx: 0)
[Autopilot] Block #658 committed (Tx: 0)
[Autopilot] Block #659 committed (Tx: 0)
[Autopilot] Block #660 committed (Tx: 0)
[Autopilot] Block #661 committed (Tx: 0)
[Autopilot] Block #662 committed (Tx: 0)
[Autopilot] Block #663 committed (Tx: 0)
[Autopilot] Block #664 committed (Tx: 0)
[Autopilot] Block #665 committed (Tx: 0)
[Autopilot] Block #666 committed (Tx: 0)
[Autopilot] Block #667 committed (Tx: 0)
[Autopilot] Block #668 committed (Tx: 0)
[Autopilot] Block #669 committed (Tx: 0)
[Autopilot] Block #670 committed (Tx: 0)
[Autopilot] Block #671 committed (Tx: 0)
[Autopilot] Block #672 committed (Tx: 0)
[Autopilot] Block #673 committed (Tx: 0)
[Autopilot] Block #674 committed (Tx: 0)
[Autopilot] Block #675 committed (Tx: 0)
[Autopilot] Block #676 committed (Tx: 0)
[Autopilot] Block #677 committed (Tx: 0)
[Autopilot] Block #678 committed (Tx: 0)
[Autopilot] Block #679 committed (Tx: 0)
[Autopilot] Block #680 committed (Tx: 0)
[Autopilot] Block #681 committed (Tx: 0)
[Autopilot] Block #682 committed (Tx: 0)
[Autopilot] Block #683 committed (Tx: 0)
[Autopilot] Block #684 committed (Tx: 0)
[Autopilot] Block #685 committed (Tx: 0)
[Autopilot] Block #686 committed (Tx: 0)
[Autopilot] Block #687 committed (Tx: 0)
[Autopilot] Block #688 committed (Tx: 0)
[Autopilot] Block #689 committed (Tx: 0)
[Autopilot] Block #690 committed (Tx: 0)
[Autopilot] Block #691 committed (Tx: 0)
[Autopilot] Block #692 committed (Tx: 0)
[Autopilot] Block #693 committed (Tx: 0)
[Autopilot] Block #694 committed (Tx: 0)
[Autopilot] Block #695 committed (Tx: 0)
[Autopilot] Block #696 committed (Tx: 0)
[Autopilot] Block #697 committed (Tx: 0)
[Autopilot] Block #698 committed (Tx: 0)
[Autopilot] Block #699 committed (Tx: 0)
[Autopilot] Block #700 committed (Tx: 0)
[Autopilot] Block #701 committed (Tx: 0)
[Autopilot] Block #702 committed (Tx: 0)
[Autopilot] Block #703 committed (Tx: 0)
[Autopilot] Block #704 committed (Tx: 0)
[Autopilot] Block #705 committed (Tx: 0)
[Autopilot] Block #706 committed (Tx: 0)
[Autopilot] Block #707 committed (Tx: 0)
[Autopilot] Block #708 committed (Tx: 0)
[Autopilot] Block #709 committed (Tx: 0)
[Autopilot] Block #710 committed (Tx: 0)
[Autopilot] Block #711 committed (Tx: 0)
[Autopilot] Block #712 committed (Tx: 0)
[Autopilot] Block #713 committed (Tx: 0)
[Autopilot] Block #714 committed (Tx: 0)
[Autopilot] Block #715 committed (Tx: 0)
[Autopilot] Block #716 committed (Tx: 0)
[Autopilot] Block #717 committed (Tx: 0)
[Autopilot] Block #718 committed (Tx: 0)
[Autopilot] Block #719 committed (Tx: 0)
[Autopilot] Block #720 committed (Tx: 0)
[Autopilot] Block #721 committed (Tx: 0)
[Autopilot] Block #722 committed (Tx: 0)
[Autopilot] Block #723 committed (Tx: 0)
[Autopilot] Block #724 committed (Tx: 0)
[Autopilot] Block #725 committed (Tx: 0)
[Autopilot] Block #726 committed (Tx: 0)
[Autopilot] Block #727 committed (Tx: 0)
[Autopilot] Block #728 committed (Tx: 0)
[Autopilot] Block #729 committed (Tx: 0)
[Autopilot] Block #730 committed (Tx: 0)
[Autopilot] Block #731 committed (Tx: 0)
[Autopilot] Block #732 committed (Tx: 0)
[Autopilot] Block #733 committed (Tx: 0)
[Autopilot] Block #734 committed (Tx: 0)
[Autopilot] Block #735 committed (Tx: 0)
[Autopilot] Block #736 committed (Tx: 0)
[Autopilot] Block #737 committed (Tx: 0)
[Autopilot] Block #738 committed (Tx: 0)
[Autopilot] Block #739 committed (Tx: 0)
[Autopilot] Block #740 committed (Tx: 0)
[Autopilot] Block #741 committed (Tx: 0)
[Autopilot] Block #742 committed (Tx: 0)
[Autopilot] Block #743 committed (Tx: 0)
[Autopilot] Block #744 committed (Tx: 0)
[Autopilot] Block #745 committed (Tx: 0)
[Autopilot] Block #746 committed (Tx: 0)
[Autopilot] Block #747 committed (Tx: 0)
[Autopilot] Block #748 committed (Tx: 0)
[Autopilot] Block #749 committed (Tx: 0)
[Autopilot] Block #750 committed (Tx: 0)
[Autopilot] Block #751 committed (Tx: 0)
[Autopilot] Block #752 committed (Tx: 0)
[Autopilot] Block #753 committed (Tx: 0)
[Autopilot] Block #754 committed (Tx: 0)
[Autopilot] Block #755 committed (Tx: 0)
[Autopilot] Block #756 committed (Tx: 0)
[Autopilot] Block #757 committed (Tx: 0)
[Autopilot] Block #758 committed (Tx: 0)
[Autopilot] Block #759 committed (Tx: 0)
[Autopilot] Block #760 committed (Tx: 0)
[Autopilot] Block #761 committed (Tx: 0)
[Autopilot] Block #762 committed (Tx: 0)
[Autopilot] Block #763 committed (Tx: 0)
[Autopilot] Block #764 committed (Tx: 0)
[Autopilot] Block #765 committed (Tx: 0)
[Autopilot] Block #766 committed (Tx: 0)
[Autopilot] Block #767 committed (Tx: 0)
[Autopilot] Block #768 committed (Tx: 0)
[Autopilot] Block #769 committed (Tx: 0)
[Autopilot] Block #770 committed (Tx: 0)
[Autopilot] Block #771 committed (Tx: 0)
[Autopilot] Block #772 committed (Tx: 0)
[Autopilot] Block #773 committed (Tx: 0)
[Autopilot] Block #774 committed (Tx: 0)
[Autopilot] Block #775 committed (Tx: 0)
[Autopilot] Block #776 committed (Tx: 0)
[Autopilot] Block #777 committed (Tx: 0)
[Autopilot] Block #778 committed (Tx: 0)
[Autopilot] Block #779 committed (Tx: 0)
[Autopilot] Block #780 committed (Tx: 0)
[Autopilot] Block #781 committed (Tx: 0)
[Autopilot] Block #782 committed (Tx: 0)
[Autopilot] Block #783 committed (Tx: 0)
[Autopilot] Block #784 committed (Tx: 0)
[Autopilot] Block #785 committed (Tx: 0)
[Autopilot] Block #786 committed (Tx: 0)
[Autopilot] Block #787 committed (Tx: 0)
[Autopilot] Block #788 committed (Tx: 0)
[Autopilot] Block #789 committed (Tx: 0)
[Autopilot] Block #790 committed (Tx: 0)
[Autopilot] Block #791 committed (Tx: 0)
[Autopilot] Block #792 committed (Tx: 0)
[Autopilot] Block #793 committed (Tx: 0)
[Autopilot] Block #794 committed (Tx: 0)
[Autopilot] Block #795 committed (Tx: 0)
[Autopilot] Block #796 committed (Tx: 0)
[Autopilot] Block #797 committed (Tx: 0)
[Autopilot] Block #798 committed (Tx: 0)
[Autopilot] Block #799 committed (Tx: 0)
[Autopilot] Block #800 committed (Tx: 0)
[Autopilot] Block #801 committed (Tx: 0)
[Autopilot] Block #802 committed (Tx: 0)
[Autopilot] Block #803 committed (Tx: 0)
[Autopilot] Block #804 committed (Tx: 0)
[Autopilot] Block #805 committed (Tx: 0)
[Autopilot] Block #806 committed (Tx: 0)
[Autopilot] Block #807 committed (Tx: 0)
[Autopilot] Block #808 committed (Tx: 0)
[Autopilot] Block #809 committed (Tx: 0)
[Autopilot] Block #810 committed (Tx: 0)
[Autopilot] Block #811 committed (Tx: 0)
[Autopilot] Block #812 committed (Tx: 0)
[Autopilot] Block #813 committed (Tx: 0)
[Autopilot] Block #814 committed (Tx: 0)
[Autopilot] Block #815 committed (Tx: 0)
[Autopilot] Block #816 committed (Tx: 0)
[Autopilot] Block #817 committed (Tx: 0)
[Autopilot] Block #818 committed (Tx: 0)
[Autopilot] Block #819 committed (Tx: 0)
[Autopilot] Block #820 committed (Tx: 0)
[Autopilot] Block #821 committed (Tx: 0)
[Autopilot][StudioContinue] session=647c0dcc84f24e1e9e517791e40a9a28c5e367ef380c4ffd8ef06e33eaa6781e studio_backed=true phase=Running current_step=Sending message...
[Autopilot][StudioContinue] preparing studio follow-up for session=647c0dcc84f24e1e9e517791e40a9a28c5e367ef380c4ffd8ef06e33eaa6781e input=How about tomorrow instead?
[Autopilot][StudioContinue] maybe_prepare_current_task_for_studio_turn intent=How about tomorrow instead?
[Autopilot][StudioContinue] routed follow-up outcome_kind=ToolWidget hints=["tool_widget:weather", "retained_widget_follow_up", "narrow_surface_preferred", "retained_widget_state_applied"]
[Autopilot] Block #822 committed (Tx: 0)
[Kernel] Session projection refreshed via block#822 (1 sessions)
[Autopilot] Block #823 committed (Tx: 0)
[Autopilot] Block #824 committed (Tx: 0)
[Autopilot] Block #825 committed (Tx: 0)
[Autopilot] Block #826 committed (Tx: 0)
[Autopilot] Block #827 committed (Tx: 0)
[Autopilot] Block #828 committed (Tx: 0)
[Autopilot] Block #829 committed (Tx: 0)
[Autopilot] Block #830 committed (Tx: 0)
[Autopilot] Block #831 committed (Tx: 0)
[Autopilot][StudioContinue] follow-up task updated phase=Complete current_step=boston: temp +52°F humidity 89% wind ↙4mph pressure 1013hPa as of 13:48:39-0400.
[Autopilot][StudioContinue] studio follow-up prepared for session=647c0dcc84f24e1e9e517791e40a9a28c5e367ef380c4ffd8ef06e33eaa6781e
[Autopilot] Block #832 committed (Tx: 0)
[Kernel] Session projection refreshed via block#832 (1 sessions)
[Autopilot] Block #833 committed (Tx: 0)
[Autopilot] Block #834 committed (Tx: 0)
[Autopilot] Block #835 committed (Tx: 0)
[Autopilot] Block #836 committed (Tx: 0)
[Autopilot] Block #837 committed (Tx: 0)
[Autopilot] Block #838 committed (Tx: 0)
[Autopilot] Block #839 committed (Tx: 0)
[Autopilot] Block #840 committed (Tx: 0)
[Autopilot] Block #841 committed (Tx: 0)
[Autopilot] Block #842 committed (Tx: 0)
[Autopilot] Block #843 committed (Tx: 0)
[Autopilot] Block #844 committed (Tx: 0)
[Autopilot] Block #845 committed (Tx: 0)
[Autopilot] Block #846 committed (Tx: 0)
[Autopilot] Block #847 committed (Tx: 0)
[Autopilot] Block #848 committed (Tx: 0)
[Autopilot] Block #849 committed (Tx: 0)
[Autopilot] Block #850 committed (Tx: 0)
[Autopilot] Block #851 committed (Tx: 0)
[Autopilot] Block #852 committed (Tx: 0)
[Autopilot] Block #853 committed (Tx: 0)
[Autopilot] Block #854 committed (Tx: 0)
[Autopilot] Block #855 committed (Tx: 0)
[Autopilot] Block #856 committed (Tx: 0)
[Autopilot] Block #857 committed (Tx: 0)
[Autopilot] Block #858 committed (Tx: 0)
[Autopilot] Block #859 committed (Tx: 0)
[Autopilot] Block #860 committed (Tx: 0)
[Autopilot] Block #861 committed (Tx: 0)
[Autopilot] Block #862 committed (Tx: 0)
[Autopilot] Block #863 committed (Tx: 0)
[Autopilot] Block #864 committed (Tx: 0)
[Autopilot] Block #865 committed (Tx: 0)
[Autopilot] Block #866 committed (Tx: 0)
[Autopilot] Block #867 committed (Tx: 0)
[Autopilot] Block #868 committed (Tx: 0)
[Autopilot] Block #869 committed (Tx: 0)
[Autopilot] Block #870 committed (Tx: 0)
[Autopilot] Block #871 committed (Tx: 0)
[Autopilot] Block #872 committed (Tx: 0)
[Autopilot] Block #873 committed (Tx: 0)
[Autopilot] Block #874 committed (Tx: 0)
[Autopilot] Block #875 committed (Tx: 0)
[Autopilot] Block #876 committed (Tx: 0)
[Autopilot] Block #877 committed (Tx: 0)