[Autopilot] Block #4136 committed (Tx: 0)
[Autopilot] Block #4137 committed (Tx: 0)
[Autopilot] Block #4138 committed (Tx: 0)
[Autopilot] Block #4139 committed (Tx: 0)
[Autopilot] Block #4140 committed (Tx: 0)
[Autopilot] Block #4141 committed (Tx: 0)
[Autopilot] Block #4142 committed (Tx: 0)
[Autopilot] Block #4143 committed (Tx: 0)
[Autopilot] Block #4144 committed (Tx: 0)
[Autopilot] Block #4145 committed (Tx: 0)
[Autopilot] Block #4146 committed (Tx: 0)
[Autopilot] Block #4147 committed (Tx: 0)
[Autopilot] Block #4148 committed (Tx: 0)
[Autopilot] Block #4149 committed (Tx: 0)
[Autopilot] Block #4150 committed (Tx: 0)
[Autopilot] Block #4151 committed (Tx: 0)
[Autopilot] Block #4152 committed (Tx: 0)
[Autopilot] Block #4153 committed (Tx: 0)
[Autopilot] Block #4154 committed (Tx: 0)
[Autopilot] Block #4155 committed (Tx: 0)
[Autopilot] Block #4156 committed (Tx: 0)
[Autopilot] Block #4157 committed (Tx: 0)
[Autopilot] Block #4158 committed (Tx: 0)
[Autopilot] Block #4159 committed (Tx: 0)
[Autopilot] Block #4160 committed (Tx: 0)
[Autopilot] Block #4161 committed (Tx: 0)
[Autopilot] Block #4162 committed (Tx: 0)
[Autopilot] Block #4163 committed (Tx: 0)
[Autopilot] Block #4164 committed (Tx: 0)
[Autopilot] Block #4165 committed (Tx: 0)
[Autopilot] Block #4166 committed (Tx: 0)
[Autopilot] Block #4167 committed (Tx: 0)
[Autopilot] Block #4168 committed (Tx: 0)
[Autopilot] Block #4169 committed (Tx: 0)
[Autopilot] Block #4170 committed (Tx: 0)
[Autopilot] Block #4171 committed (Tx: 0)
[Autopilot] Block #4172 committed (Tx: 0)
[Autopilot] Block #4173 committed (Tx: 0)
[Autopilot] Block #4174 committed (Tx: 0)
[Autopilot] Block #4175 committed (Tx: 0)
[Autopilot] Block #4176 committed (Tx: 0)
[Autopilot] Block #4177 committed (Tx: 0)
[Autopilot] Block #4178 committed (Tx: 0)
[Autopilot] Block #4179 committed (Tx: 0)
[Autopilot] Block #4180 committed (Tx: 0)
[Autopilot] Block #4181 committed (Tx: 0)
[Autopilot] Block #4182 committed (Tx: 0)
[Autopilot] Block #4183 committed (Tx: 0)
[Autopilot] Block #4184 committed (Tx: 0)
[Autopilot] Block #4185 committed (Tx: 0)
[Autopilot] Block #4186 committed (Tx: 0)
[Autopilot] Block #4187 committed (Tx: 0)
[Autopilot] Block #4188 committed (Tx: 0)
[Autopilot] Block #4189 committed (Tx: 0)
[Autopilot] Block #4190 committed (Tx: 0)
[Autopilot] Block #4191 committed (Tx: 0)
[Autopilot] Block #4192 committed (Tx: 0)
[Autopilot] Block #4193 committed (Tx: 0)
[Autopilot] Block #4194 committed (Tx: 0)
[Autopilot] Block #4195 committed (Tx: 0)
[Autopilot] Block #4196 committed (Tx: 0)
[Autopilot] Block #4197 committed (Tx: 0)
[Autopilot] Block #4198 committed (Tx: 0)
[Autopilot] Block #4199 committed (Tx: 0)
[Autopilot] Block #4200 committed (Tx: 0)
[Autopilot] Block #4201 committed (Tx: 0)
[Autopilot] Block #4202 committed (Tx: 0)
[Autopilot] Block #4203 committed (Tx: 0)
[Autopilot] Block #4204 committed (Tx: 0)
[Autopilot] Block #4205 committed (Tx: 0)
[Autopilot] Block #4206 committed (Tx: 0)
[Autopilot] Block #4207 committed (Tx: 0)
[Autopilot] Block #4208 committed (Tx: 0)
[Autopilot] Block #4209 committed (Tx: 0)
[Autopilot] Block #4210 committed (Tx: 0)
[Autopilot] Block #4211 committed (Tx: 0)
[Autopilot] Block #4212 committed (Tx: 0)
[Autopilot] Block #4213 committed (Tx: 0)
[Autopilot] Block #4214 committed (Tx: 0)
[Autopilot] Block #4215 committed (Tx: 0)
[Autopilot] Block #4216 committed (Tx: 0)
[Autopilot] Block #4217 committed (Tx: 0)
[Autopilot] Block #4218 committed (Tx: 0)
[Autopilot] Block #4219 committed (Tx: 0)
[Autopilot] Block #4220 committed (Tx: 0)
[Autopilot] Block #4221 committed (Tx: 0)
[Autopilot] Block #4222 committed (Tx: 0)
[Autopilot] Block #4223 committed (Tx: 0)
[Autopilot] Block #4224 committed (Tx: 0)
[Autopilot] Block #4225 committed (Tx: 0)
[Autopilot] Block #4226 committed (Tx: 0)
[Autopilot] Block #4227 committed (Tx: 0)
[Autopilot] Block #4228 committed (Tx: 0)
[Autopilot] Block #4229 committed (Tx: 0)
[Autopilot] Block #4230 committed (Tx: 0)
[Autopilot] Block #4231 committed (Tx: 0)
[Autopilot] Block #4232 committed (Tx: 0)
[Autopilot] Block #4233 committed (Tx: 0)
[Autopilot] Block #4234 committed (Tx: 0)
[Autopilot] Block #4235 committed (Tx: 0)
[Autopilot] Block #4236 committed (Tx: 0)
[Autopilot] Block #4237 committed (Tx: 0)
[Autopilot] Block #4238 committed (Tx: 0)
[Autopilot] Block #4239 committed (Tx: 0)
[Autopilot] Block #4240 committed (Tx: 0)
[Autopilot] Block #4241 committed (Tx: 0)
[Autopilot] Block #4242 committed (Tx: 0)
[Autopilot] Block #4243 committed (Tx: 0)
[Autopilot] Block #4244 committed (Tx: 0)
[Autopilot] Block #4245 committed (Tx: 0)
[Autopilot] Block #4246 committed (Tx: 0)
[Autopilot] Block #4247 committed (Tx: 0)
[Autopilot] Block #4248 committed (Tx: 0)
[Autopilot] Block #4249 committed (Tx: 0)
[Autopilot] Block #4250 committed (Tx: 0)
[Autopilot] Block #4251 committed (Tx: 0)
[Autopilot] Block #4252 committed (Tx: 0)
[Autopilot] Block #4253 committed (Tx: 0)
[Autopilot] Block #4254 committed (Tx: 0)
[Autopilot] Block #4255 committed (Tx: 0)
[Autopilot] Block #4256 committed (Tx: 0)
[Autopilot] Block #4257 committed (Tx: 0)
[Autopilot] Block #4258 committed (Tx: 0)
[Autopilot] Block #4259 committed (Tx: 0)
[Autopilot] Block #4260 committed (Tx: 0)
[Autopilot] Block #4261 committed (Tx: 0)
[Autopilot] Block #4262 committed (Tx: 0)
[Autopilot] Block #4263 committed (Tx: 0)
[Autopilot] Block #4264 committed (Tx: 0)
[Autopilot] Block #4265 committed (Tx: 0)
[Autopilot] Block #4266 committed (Tx: 0)
[Autopilot] Block #4267 committed (Tx: 0)
[Autopilot] Block #4268 committed (Tx: 0)
[Autopilot] Block #4269 committed (Tx: 0)
[Autopilot] Block #4270 committed (Tx: 0)
[Autopilot] Block #4271 committed (Tx: 0)
[Autopilot] Block #4272 committed (Tx: 0)
[Autopilot] Block #4273 committed (Tx: 0)
[Autopilot] Block #4274 committed (Tx: 0)
[Autopilot] Block #4275 committed (Tx: 0)
[Autopilot] Block #4276 committed (Tx: 0)
[Autopilot] Block #4277 committed (Tx: 0)
[Autopilot] Block #4278 committed (Tx: 0)
[Autopilot] Block #4279 committed (Tx: 0)
[Autopilot] Block #4280 committed (Tx: 0)
[Autopilot] Block #4281 committed (Tx: 0)
[Autopilot] Block #4282 committed (Tx: 0)
[Autopilot] Block #4283 committed (Tx: 0)
[Autopilot] Block #4284 committed (Tx: 0)
[Autopilot] Block #4285 committed (Tx: 0)
[Autopilot] Block #4286 committed (Tx: 0)
[Autopilot] Block #4287 committed (Tx: 0)
[Autopilot] Block #4288 committed (Tx: 0)
[Autopilot] Block #4289 committed (Tx: 0)
[Autopilot] Block #4290 committed (Tx: 0)
[Autopilot] Block #4291 committed (Tx: 0)
[Autopilot] Block #4292 committed (Tx: 0)
[Autopilot] Block #4293 committed (Tx: 0)
[Autopilot] Block #4294 committed (Tx: 0)
[Autopilot] Block #4295 committed (Tx: 0)
[Autopilot] Block #4296 committed (Tx: 0)
[Autopilot] Block #4297 committed (Tx: 0)
[Autopilot] Block #4298 committed (Tx: 0)
[Autopilot] Block #4299 committed (Tx: 0)
[Autopilot] Block #4300 committed (Tx: 0)
[Autopilot] Block #4301 committed (Tx: 0)
[Autopilot] Block #4302 committed (Tx: 0)
[Autopilot] Block #4303 committed (Tx: 0)
[Autopilot] Block #4304 committed (Tx: 0)
[Autopilot] Block #4305 committed (Tx: 0)
[Autopilot] Block #4306 committed (Tx: 0)
[Autopilot] Block #4307 committed (Tx: 0)
[Autopilot] Block #4308 committed (Tx: 0)
[Autopilot] Block #4309 committed (Tx: 0)
[Autopilot] Block #4310 committed (Tx: 0)
[Autopilot] Block #4311 committed (Tx: 0)
[Autopilot] Block #4312 committed (Tx: 0)
[Autopilot] Block #4313 committed (Tx: 0)
[Autopilot] Block #4314 committed (Tx: 0)
[Autopilot] Block #4315 committed (Tx: 0)
[Autopilot] Block #4316 committed (Tx: 0)
[Autopilot] Block #4317 committed (Tx: 0)
[Autopilot] Block #4318 committed (Tx: 0)
[Autopilot] Block #4319 committed (Tx: 0)
[Autopilot] Block #4320 committed (Tx: 0)
[Autopilot] Block #4321 committed (Tx: 0)
[Autopilot] Block #4322 committed (Tx: 0)
[Autopilot] Block #4323 committed (Tx: 0)
[Autopilot] Block #4324 committed (Tx: 0)
[Autopilot] Block #4325 committed (Tx: 0)
[Autopilot] Block #4326 committed (Tx: 0)
[Autopilot] Block #4327 committed (Tx: 0)
[Autopilot] Block #4328 committed (Tx: 0)
[Autopilot] Block #4329 committed (Tx: 0)
[Autopilot] Block #4330 committed (Tx: 0)
[Autopilot] Block #4331 committed (Tx: 0)
[Autopilot] Block #4332 committed (Tx: 0)
[Autopilot] Block #4333 committed (Tx: 0)
[Autopilot] Block #4334 committed (Tx: 0)
[Autopilot] Block #4335 committed (Tx: 0)
[Autopilot] Block #4336 committed (Tx: 0)
[Autopilot] Block #4337 committed (Tx: 0)
[Autopilot] Block #4338 committed (Tx: 0)
[Autopilot] Block #4339 committed (Tx: 0)
[Autopilot] Block #4340 committed (Tx: 0)
[Autopilot] Block #4341 committed (Tx: 0)
[Autopilot] Block #4342 committed (Tx: 0)
[Autopilot] Block #4343 committed (Tx: 0)
[Autopilot] Block #4344 committed (Tx: 0)
[Autopilot] Block #4345 committed (Tx: 0)
[Autopilot] Block #4346 committed (Tx: 0)
[Autopilot] Block #4347 committed (Tx: 0)
[Autopilot] Block #4348 committed (Tx: 0)
[Autopilot] Block #4349 committed (Tx: 0)
[Autopilot] Block #4350 committed (Tx: 0)
[Autopilot] Block #4351 committed (Tx: 0)
[Autopilot] Block #4352 committed (Tx: 0)
[Autopilot] Block #4353 committed (Tx: 0)
[Autopilot] Block #4354 committed (Tx: 0)
[Autopilot] Block #4355 committed (Tx: 0)
[Autopilot] Block #4356 committed (Tx: 0)
[Autopilot] Block #4357 committed (Tx: 0)
[Autopilot] Block #4358 committed (Tx: 0)
[Autopilot] Block #4359 committed (Tx: 0)
[Autopilot] Block #4360 committed (Tx: 0)
[Autopilot] Block #4361 committed (Tx: 0)
[Autopilot] Block #4362 committed (Tx: 0)
[Autopilot] Block #4363 committed (Tx: 0)
[Autopilot] Block #4364 committed (Tx: 0)
[Autopilot] Block #4365 committed (Tx: 0)
[Autopilot] Block #4366 committed (Tx: 0)
[Autopilot] Block #4367 committed (Tx: 0)
[Autopilot] Block #4368 committed (Tx: 0)
[Autopilot] Block #4369 committed (Tx: 0)
[Autopilot] Block #4370 committed (Tx: 0)
[Autopilot] Block #4371 committed (Tx: 0)
[Autopilot] Block #4372 committed (Tx: 0)
[Autopilot] Block #4373 committed (Tx: 0)
[Autopilot] Block #4374 committed (Tx: 0)
[Autopilot] Block #4375 committed (Tx: 0)
[Autopilot] Block #4376 committed (Tx: 0)
[Autopilot] Block #4377 committed (Tx: 0)
[Autopilot] Block #4378 committed (Tx: 0)
[Autopilot] Block #4379 committed (Tx: 0)
[Autopilot] Block #4380 committed (Tx: 0)
[Autopilot] Block #4381 committed (Tx: 0)
[Autopilot] Block #4382 committed (Tx: 0)
[Autopilot] Block #4383 committed (Tx: 0)
[Autopilot] Block #4384 committed (Tx: 0)
[Autopilot] Block #4385 committed (Tx: 0)
[Autopilot] Block #4386 committed (Tx: 0)
[Autopilot] Block #4387 committed (Tx: 0)
[Autopilot] Block #4388 committed (Tx: 0)
[Autopilot] Block #4389 committed (Tx: 0)
[Autopilot] Block #4390 committed (Tx: 0)
[Autopilot] Block #4391 committed (Tx: 0)
[Autopilot] Block #4392 committed (Tx: 0)
[Autopilot] Block #4393 committed (Tx: 0)
[Autopilot] Block #4394 committed (Tx: 0)
[Autopilot] Block #4395 committed (Tx: 0)
[Autopilot] Block #4396 committed (Tx: 0)
[Autopilot] Block #4397 committed (Tx: 0)
[Autopilot] Block #4398 committed (Tx: 0)
[Autopilot] Block #4399 committed (Tx: 0)
[Autopilot] Block #4400 committed (Tx: 0)
[Autopilot] Block #4401 committed (Tx: 0)
[Autopilot] Block #4402 committed (Tx: 0)
[Autopilot] Block #4403 committed (Tx: 0)
[Autopilot] Block #4404 committed (Tx: 0)
[Autopilot] Block #4405 committed (Tx: 0)
[Autopilot] Block #4406 committed (Tx: 0)
[Autopilot] Block #4407 committed (Tx: 0)
[Autopilot] Block #4408 committed (Tx: 0)
[Autopilot] Block #4409 committed (Tx: 0)
[Autopilot] Block #4410 committed (Tx: 0)
[Autopilot] Block #4411 committed (Tx: 0)
[Autopilot] Block #4412 committed (Tx: 0)
[Autopilot] Block #4413 committed (Tx: 0)
[Autopilot] Block #4414 committed (Tx: 0)
[Autopilot] Block #4415 committed (Tx: 0)
[Autopilot] Block #4416 committed (Tx: 0)
[Autopilot] Block #4417 committed (Tx: 0)
[Autopilot] Block #4418 committed (Tx: 0)
[Autopilot] Block #4419 committed (Tx: 0)
[Autopilot] Block #4420 committed (Tx: 0)
[Autopilot] Block #4421 committed (Tx: 0)
[Autopilot] Block #4422 committed (Tx: 0)
[Autopilot] Block #4423 committed (Tx: 0)
[Autopilot] Block #4424 committed (Tx: 0)
[Autopilot] Block #4425 committed (Tx: 0)
[Autopilot] Block #4426 committed (Tx: 0)
[Autopilot] Block #4427 committed (Tx: 0)
[Autopilot] Block #4428 committed (Tx: 0)
[Autopilot] Block #4429 committed (Tx: 0)
[Autopilot] Block #4430 committed (Tx: 0)
[Autopilot] Block #4431 committed (Tx: 0)
[Autopilot] Block #4432 committed (Tx: 0)
[Autopilot] Block #4433 committed (Tx: 0)
[Autopilot] Block #4434 committed (Tx: 0)
[Autopilot] Block #4435 committed (Tx: 0)
[Autopilot] Block #4436 committed (Tx: 0)
[Autopilot] Block #4437 committed (Tx: 0)
[Autopilot] Block #4438 committed (Tx: 0)
[Autopilot] Block #4439 committed (Tx: 0)
[Autopilot] Block #4440 committed (Tx: 0)
[Autopilot] Block #4441 committed (Tx: 0)
[Autopilot] Block #4442 committed (Tx: 0)
[Autopilot] Block #4443 committed (Tx: 0)
[Autopilot] Block #4444 committed (Tx: 0)
[Autopilot] Block #4445 committed (Tx: 0)
[Autopilot] Block #4446 committed (Tx: 0)
[Autopilot] Block #4447 committed (Tx: 0)
[Autopilot] Block #4448 committed (Tx: 0)
[Autopilot] Block #4449 committed (Tx: 0)
[Autopilot] Block #4450 committed (Tx: 0)
[Autopilot] Block #4451 committed (Tx: 0)
[Autopilot] Block #4452 committed (Tx: 0)
[Autopilot] Block #4453 committed (Tx: 0)
[Autopilot] Block #4454 committed (Tx: 0)
[Autopilot] Block #4455 committed (Tx: 0)
[Autopilot] Block #4456 committed (Tx: 0)
[Autopilot] Block #4457 committed (Tx: 0)
[Autopilot] Block #4458 committed (Tx: 0)
[Autopilot] Block #4459 committed (Tx: 0)
[Autopilot] Block #4460 committed (Tx: 0)
[Autopilot] Block #4461 committed (Tx: 0)
[Autopilot] Block #4462 committed (Tx: 0)
[Autopilot] Block #4463 committed (Tx: 0)
[Autopilot] Block #4464 committed (Tx: 0)
[Autopilot] Block #4465 committed (Tx: 0)
[Autopilot] Block #4466 committed (Tx: 0)
[studio-proof-trace] artifact_generation:materialization_inference:timeout renderer=Markdown timeout_ms=25000
[studio-proof-trace] artifact_generation:candidate_materialize:error id=candidate-1 error=Studio artifact materialization inference failed: Studio artifact materialization_inference timed out after 25000ms
[Autopilot] Block #4467 committed (Tx: 0)
[studio-proof-trace] materialize_non_workspace:bundle_blocked Studio artifact generation did not produce a valid candidate. candidate-1: Studio artifact materialization inference failed: Studio artifact materialization_inference timed out after 25000ms
[Kernel] Session projection refreshed via block#4467 (1 sessions)
[Autopilot] Block #4468 committed (Tx: 0)
[Kernel] Session projection refreshed via block#4468 (1 sessions)
[Autopilot] Block #4469 committed (Tx: 0)
[Autopilot][StudioContinue] follow-up task updated phase=Failed current_step=Studio artifact generation did not produce a valid candidate. candidate-1: Studio artifact materialization inference failed: Studio artifact materialization_inference timed out after 25000ms
[Autopilot][StudioContinue] studio follow-up prepared for session=25be93ac126645bcbcd2f82ce6e6d8ae911021a0937244e0bd5bd4a0c90c2dc2
[Kernel] Session projection refreshed via block#4469 (1 sessions)
[Autopilot] Block #4470 committed (Tx: 0)
[Autopilot] Block #4471 committed (Tx: 0)
[Autopilot] Block #4472 committed (Tx: 0)
[Autopilot] Block #4473 committed (Tx: 0)
[Autopilot] Block #4474 committed (Tx: 0)
[Autopilot] Block #4475 committed (Tx: 0)
[Autopilot] Block #4476 committed (Tx: 0)
[Autopilot] Block #4477 committed (Tx: 0)
[Autopilot] Block #4478 committed (Tx: 0)
[Autopilot] Block #4479 committed (Tx: 0)
[Autopilot] Block #4480 committed (Tx: 0)
[Autopilot] Block #4481 committed (Tx: 0)
[Autopilot] Block #4482 committed (Tx: 0)
[Autopilot] Block #4483 committed (Tx: 0)
[Autopilot] Block #4484 committed (Tx: 0)
[Autopilot] Block #4485 committed (Tx: 0)
[Autopilot] Block #4486 committed (Tx: 0)
[Autopilot] Block #4487 committed (Tx: 0)
[Autopilot] Block #4488 committed (Tx: 0)
[Autopilot] Block #4489 committed (Tx: 0)
[Autopilot] Block #4490 committed (Tx: 0)
[Autopilot] Block #4491 committed (Tx: 0)
[Autopilot] Block #4492 committed (Tx: 0)
[Autopilot] Block #4493 committed (Tx: 0)
[Autopilot] Block #4494 committed (Tx: 0)
[Autopilot] Block #4495 committed (Tx: 0)
[Autopilot] Block #4496 committed (Tx: 0)
[Autopilot] Block #4497 committed (Tx: 0)
[Autopilot] Block #4498 committed (Tx: 0)
[Autopilot] Block #4499 committed (Tx: 0)
[Autopilot] Block #4500 committed (Tx: 0)
[Autopilot] Block #4501 committed (Tx: 0)
[Autopilot] Block #4502 committed (Tx: 0)
[Autopilot] Block #4503 committed (Tx: 0)
[Autopilot] Block #4504 committed (Tx: 0)
[Autopilot] Block #4505 committed (Tx: 0)
[Autopilot] Block #4506 committed (Tx: 0)
[Autopilot] Block #4507 committed (Tx: 0)
[Autopilot] Block #4508 committed (Tx: 0)
[Autopilot] Block #4509 committed (Tx: 0)
[Autopilot] Block #4510 committed (Tx: 0)
[Autopilot] Block #4511 committed (Tx: 0)
[Autopilot] Block #4512 committed (Tx: 0)
[Autopilot] Block #4513 committed (Tx: 0)
[Autopilot] Block #4514 committed (Tx: 0)
[Autopilot] Block #4515 committed (Tx: 0)
[Autopilot] Block #4516 committed (Tx: 0)
[Autopilot] Block #4517 committed (Tx: 0)
[Autopilot] Block #4518 committed (Tx: 0)
[Autopilot] Block #4519 committed (Tx: 0)
[Autopilot] Block #4520 committed (Tx: 0)
[Autopilot] Block #4521 committed (Tx: 0)
[Autopilot] Block #4522 committed (Tx: 0)
[Autopilot] Block #4523 committed (Tx: 0)
[Autopilot] Block #4524 committed (Tx: 0)
[Autopilot] Block #4525 committed (Tx: 0)
[Autopilot] Block #4526 committed (Tx: 0)
[Autopilot] Block #4527 committed (Tx: 0)